[2025-11-01 14:17:58] Starting scraping for ACCUMULO
[2025-11-01 14:17:59] ACCUMULO: fetched 50 issues, total so far 50
[2025-11-01 14:18:01] ACCUMULO: fetched 50 issues, total so far 100
[2025-11-01 14:18:03] ACCUMULO: fetched 50 issues, total so far 150
[2025-11-01 14:18:05] ACCUMULO: fetched 50 issues, total so far 200
[2025-11-01 14:18:07] ACCUMULO: fetched 50 issues, total so far 250
[2025-11-01 14:18:09] ACCUMULO: fetched 50 issues, total so far 300
[2025-11-01 14:18:11] ACCUMULO: fetched 50 issues, total so far 350
[2025-11-01 14:18:14] ACCUMULO: fetched 50 issues, total so far 400
[2025-11-01 14:18:16] ACCUMULO: fetched 50 issues, total so far 450
[2025-11-01 14:18:18] ACCUMULO: fetched 50 issues, total so far 500
[2025-11-01 14:18:20] ACCUMULO: fetched 50 issues, total so far 550
[2025-11-01 14:18:22] ACCUMULO: fetched 50 issues, total so far 600
[2025-11-01 14:18:24] ACCUMULO: fetched 50 issues, total so far 650
[2025-11-01 14:18:27] ACCUMULO: fetched 50 issues, total so far 700
[2025-11-01 14:18:29] ACCUMULO: fetched 50 issues, total so far 750
[2025-11-01 14:18:31] ACCUMULO: fetched 50 issues, total so far 800
[2025-11-01 14:18:33] ACCUMULO: fetched 50 issues, total so far 850
[2025-11-01 14:18:35] ACCUMULO: fetched 50 issues, total so far 900
[2025-11-01 14:18:37] ACCUMULO: fetched 50 issues, total so far 950
[2025-11-01 14:18:39] ACCUMULO: fetched 50 issues, total so far 1000
[2025-11-01 14:18:42] ACCUMULO: fetched 50 issues, total so far 1050
[2025-11-01 14:18:44] ACCUMULO: fetched 50 issues, total so far 1100
[2025-11-01 14:18:46] ACCUMULO: fetched 50 issues, total so far 1150
[2025-11-01 14:18:48] ACCUMULO: fetched 50 issues, total so far 1200
[2025-11-01 14:18:50] ACCUMULO: fetched 50 issues, total so far 1250
[2025-11-01 14:18:52] ACCUMULO: fetched 50 issues, total so far 1300
[2025-11-01 14:18:54] ACCUMULO: fetched 50 issues, total so far 1350
[2025-11-01 14:18:56] ACCUMULO: fetched 50 issues, total so far 1400
[2025-11-01 14:18:59] ACCUMULO: fetched 50 issues, total so far 1450
[2025-11-01 14:19:01] ACCUMULO: fetched 50 issues, total so far 1500
[2025-11-01 14:19:03] ACCUMULO: fetched 50 issues, total so far 1550
[2025-11-01 14:19:05] ACCUMULO: fetched 50 issues, total so far 1600
[2025-11-01 14:19:07] ACCUMULO: fetched 50 issues, total so far 1650
[2025-11-01 14:19:09] ACCUMULO: fetched 50 issues, total so far 1700
[2025-11-01 14:19:11] ACCUMULO: fetched 50 issues, total so far 1750
[2025-11-01 14:19:14] ACCUMULO: fetched 50 issues, total so far 1800
[2025-11-01 14:19:16] ACCUMULO: fetched 50 issues, total so far 1850
[2025-11-01 14:19:18] ACCUMULO: fetched 50 issues, total so far 1900
[2025-11-01 14:19:20] ACCUMULO: fetched 50 issues, total so far 1950
[2025-11-01 14:19:22] ACCUMULO: fetched 50 issues, total so far 2000
[2025-11-01 14:19:24] ACCUMULO: fetched 50 issues, total so far 2050
[2025-11-01 14:19:26] ACCUMULO: fetched 50 issues, total so far 2100
[2025-11-01 14:19:28] ACCUMULO: fetched 50 issues, total so far 2150
[2025-11-01 14:19:30] ACCUMULO: fetched 50 issues, total so far 2200
[2025-11-01 14:19:32] ACCUMULO: fetched 50 issues, total so far 2250
[2025-11-01 14:19:35] ACCUMULO: fetched 50 issues, total so far 2300
[2025-11-01 14:19:37] ACCUMULO: fetched 50 issues, total so far 2350
[2025-11-01 14:19:39] ACCUMULO: fetched 50 issues, total so far 2400
[2025-11-01 14:19:41] ACCUMULO: fetched 50 issues, total so far 2450
[2025-11-01 14:19:43] ACCUMULO: fetched 50 issues, total so far 2500
[2025-11-01 14:19:45] ACCUMULO: fetched 50 issues, total so far 2550
[2025-11-01 14:19:47] ACCUMULO: fetched 50 issues, total so far 2600
[2025-11-01 14:19:49] ACCUMULO: fetched 50 issues, total so far 2650
[2025-11-01 14:19:51] ACCUMULO: fetched 50 issues, total so far 2700
[2025-11-01 14:19:53] ACCUMULO: fetched 50 issues, total so far 2750
[2025-11-01 14:19:56] ACCUMULO: fetched 50 issues, total so far 2800
[2025-11-01 14:19:58] ACCUMULO: fetched 50 issues, total so far 2850
[2025-11-01 14:20:00] ACCUMULO: fetched 50 issues, total so far 2900
[2025-11-01 14:20:02] ACCUMULO: fetched 50 issues, total so far 2950
[2025-11-01 14:20:04] ACCUMULO: fetched 50 issues, total so far 3000
[2025-11-01 14:20:06] ACCUMULO: fetched 50 issues, total so far 3050
[2025-11-01 14:20:08] ACCUMULO: fetched 50 issues, total so far 3100
[2025-11-01 14:20:11] ACCUMULO: fetched 50 issues, total so far 3150
[2025-11-01 14:20:13] ACCUMULO: fetched 50 issues, total so far 3200
[2025-11-01 14:20:15] ACCUMULO: fetched 50 issues, total so far 3250
[2025-11-01 14:20:17] ACCUMULO: fetched 50 issues, total so far 3300
[2025-11-01 14:20:19] ACCUMULO: fetched 50 issues, total so far 3350
[2025-11-01 14:20:21] ACCUMULO: fetched 50 issues, total so far 3400
[2025-11-01 14:20:23] ACCUMULO: fetched 50 issues, total so far 3450
[2025-11-01 14:20:25] ACCUMULO: fetched 50 issues, total so far 3500
[2025-11-01 14:20:27] ACCUMULO: fetched 50 issues, total so far 3550
[2025-11-01 14:20:29] ACCUMULO: fetched 50 issues, total so far 3600
[2025-11-01 14:20:31] ACCUMULO: fetched 50 issues, total so far 3650
[2025-11-01 14:20:33] ACCUMULO: fetched 50 issues, total so far 3700
[2025-11-01 14:20:36] ACCUMULO: fetched 50 issues, total so far 3750
[2025-11-01 14:20:38] ACCUMULO: fetched 50 issues, total so far 3800
[2025-11-01 14:20:40] ACCUMULO: fetched 50 issues, total so far 3850
[2025-11-01 14:20:42] ACCUMULO: fetched 50 issues, total so far 3900
[2025-11-01 14:20:44] ACCUMULO: fetched 50 issues, total so far 3950
[2025-11-01 14:20:46] ACCUMULO: fetched 50 issues, total so far 4000
[2025-11-01 14:20:48] ACCUMULO: fetched 50 issues, total so far 4050
[2025-11-01 14:20:50] ACCUMULO: fetched 50 issues, total so far 4100
[2025-11-01 14:20:52] ACCUMULO: fetched 50 issues, total so far 4150
[2025-11-01 14:20:54] ACCUMULO: fetched 50 issues, total so far 4200
[2025-11-01 14:20:56] ACCUMULO: fetched 50 issues, total so far 4250
[2025-11-01 14:20:58] ACCUMULO: fetched 50 issues, total so far 4300
[2025-11-01 14:21:00] ACCUMULO: fetched 50 issues, total so far 4350
[2025-11-01 14:21:02] ACCUMULO: fetched 50 issues, total so far 4400
[2025-11-01 14:21:04] ACCUMULO: fetched 50 issues, total so far 4450
[2025-11-01 14:21:06] ACCUMULO: fetched 50 issues, total so far 4500
[2025-11-01 14:21:08] ACCUMULO: fetched 50 issues, total so far 4550
[2025-11-01 14:21:10] ACCUMULO: fetched 50 issues, total so far 4600
[2025-11-01 14:21:13] ACCUMULO: fetched 50 issues, total so far 4650
[2025-11-01 14:21:15] ACCUMULO: fetched 50 issues, total so far 4700
[2025-11-01 14:21:16] ACCUMULO: fetched 45 issues, total so far 4745
[2025-11-01 14:21:16] ACCUMULO: completed scraping 4745 issues.
[2025-11-01 14:21:17] Finished scraping ACCUMULO

[2025-11-01 14:21:17] Starting scraping for ACE
[2025-11-01 14:21:17] ACE: fetched 50 issues, total so far 50
[2025-11-01 14:21:19] ACE: fetched 50 issues, total so far 100
[2025-11-01 14:21:21] ACE: fetched 50 issues, total so far 150
[2025-11-01 14:21:37] Starting scraping for ACCUMULO
[2025-11-01 14:21:37] ACCUMULO: completed scraping 4745 issues.
[2025-11-01 14:21:37] Finished scraping ACCUMULO

[2025-11-01 14:21:37] Starting scraping for ACE
[2025-11-01 14:21:41] ACE: fetched 389 issues, total so far 539
[2025-11-01 14:21:41] ACE: completed scraping 539 issues.
[2025-11-01 14:21:41] Finished scraping ACE

[2025-11-01 14:21:41] Starting scraping for ARTEMIS
[2025-11-01 14:21:45] ARTEMIS: fetched 500 issues, total so far 500
[2025-11-01 14:21:51] ARTEMIS: fetched 500 issues, total so far 1000
[2025-11-01 14:21:57] ARTEMIS: fetched 500 issues, total so far 1500
[2025-11-01 14:22:03] ARTEMIS: fetched 500 issues, total so far 2000
[2025-11-01 14:22:08] ARTEMIS: fetched 500 issues, total so far 2500
[2025-11-01 14:22:14] ARTEMIS: fetched 500 issues, total so far 3000
[2025-11-01 14:22:20] ARTEMIS: fetched 500 issues, total so far 3500
[2025-11-01 14:22:26] ARTEMIS: fetched 500 issues, total so far 4000
[2025-11-01 14:22:32] ARTEMIS: fetched 500 issues, total so far 4500
[2025-11-01 14:22:37] ARTEMIS: fetched 500 issues, total so far 5000
[2025-11-01 14:22:43] ARTEMIS: fetched 500 issues, total so far 5500
[2025-11-01 14:22:46] ARTEMIS: fetched 118 issues, total so far 5618
[2025-11-01 14:22:46] ARTEMIS: completed scraping 5618 issues.
[2025-11-01 14:22:46] Finished scraping ARTEMIS

